[0.081s] DEBUG:colcon:Command line arguments: ['/usr/bin/colcon', 'build', '--symlink-install']
[0.081s] DEBUG:colcon:Parsed command line arguments: Namespace(log_base=None, log_level=None, verb_name='build', build_base='build', install_base='install', merge_install=False, symlink_install=True, test_result_base=None, continue_on_error=False, executor='parallel', parallel_workers=12, event_handlers=None, ignore_user_meta=False, metas=['./colcon.meta'], base_paths=['.'], packages_ignore=None, packages_ignore_regex=None, paths=None, packages_up_to=None, packages_up_to_regex=None, packages_above=None, packages_above_and_dependencies=None, packages_above_depth=None, packages_select_by_dep=None, packages_skip_by_dep=None, packages_skip_up_to=None, packages_select_build_failed=False, packages_skip_build_finished=False, packages_select_test_failures=False, packages_skip_test_passed=False, packages_select=None, packages_skip=None, packages_select_regex=None, packages_skip_regex=None, packages_start=None, packages_end=None, allow_overriding=[], cmake_args=None, cmake_target=None, cmake_target_skip_unavailable=False, cmake_clean_cache=False, cmake_clean_first=False, cmake_force_configure=False, ament_cmake_args=None, catkin_cmake_args=None, catkin_skip_building_tests=False, mixin_files=None, mixin=None, verb_parser=<colcon_mixin.mixin.mixin_argument.MixinArgumentDecorator object at 0x746b674e1580>, verb_extension=<colcon_core.verb.build.BuildVerb object at 0x746b674e1220>, main=<bound method BuildVerb.main of <colcon_core.verb.build.BuildVerb object at 0x746b674e1220>>, mixin_verb=('build',))
[0.104s] Level 1:colcon.colcon_core.package_discovery:discover_packages(colcon_meta) check parameters
[0.104s] Level 1:colcon.colcon_core.package_discovery:discover_packages(recursive) check parameters
[0.104s] Level 1:colcon.colcon_core.package_discovery:discover_packages(ignore) check parameters
[0.104s] Level 1:colcon.colcon_core.package_discovery:discover_packages(path) check parameters
[0.104s] Level 1:colcon.colcon_core.package_discovery:discover_packages(colcon_meta) discover
[0.104s] Level 1:colcon.colcon_core.package_discovery:discover_packages(recursive) discover
[0.104s] INFO:colcon.colcon_core.package_discovery:Crawling recursively for packages in '/home/robohan/Gakurobo2025/ndt_cpp_ros2'
[0.104s] Level 1:colcon.colcon_core.package_identification:_identify(.) by extensions ['ignore', 'ignore_ament_install']
[0.104s] Level 1:colcon.colcon_core.package_identification:_identify(.) by extension 'ignore'
[0.104s] Level 1:colcon.colcon_core.package_identification:_identify(.) by extension 'ignore_ament_install'
[0.104s] Level 1:colcon.colcon_core.package_identification:_identify(.) by extensions ['colcon_pkg']
[0.104s] Level 1:colcon.colcon_core.package_identification:_identify(.) by extension 'colcon_pkg'
[0.104s] Level 1:colcon.colcon_core.package_identification:_identify(.) by extensions ['colcon_meta']
[0.104s] Level 1:colcon.colcon_core.package_identification:_identify(.) by extension 'colcon_meta'
[0.104s] Level 1:colcon.colcon_core.package_identification:_identify(.) by extensions ['ros']
[0.104s] Level 1:colcon.colcon_core.package_identification:_identify(.) by extension 'ros'
[0.127s] DEBUG:colcon.colcon_core.package_identification:Package '.' with type 'ros.ament_cmake' and name 'ndt_cpp_ros2'
[0.127s] Level 1:colcon.colcon_core.package_discovery:discover_packages(recursive) using defaults
[0.127s] Level 1:colcon.colcon_core.package_discovery:discover_packages(ignore) discover
[0.127s] Level 1:colcon.colcon_core.package_discovery:discover_packages(ignore) using defaults
[0.127s] Level 1:colcon.colcon_core.package_discovery:discover_packages(path) discover
[0.127s] Level 1:colcon.colcon_core.package_discovery:discover_packages(path) using defaults
[0.138s] Level 1:colcon.colcon_core.package_discovery:discover_packages(prefix_path) check parameters
[0.138s] Level 1:colcon.colcon_core.package_discovery:discover_packages(prefix_path) discover
[0.139s] DEBUG:colcon.colcon_installed_package_information.package_discovery:Found 1 installed packages in /home/robohan/Gakurobo2025/ndt_cpp_ros2/install
[0.140s] DEBUG:colcon.colcon_installed_package_information.package_discovery:Found 316 installed packages in /opt/ros/jazzy
[0.140s] Level 1:colcon.colcon_core.package_discovery:discover_packages(prefix_path) using defaults
[0.163s] Level 5:colcon.colcon_core.verb:set package 'ndt_cpp_ros2' build argument 'cmake_args' from command line to 'None'
[0.163s] Level 5:colcon.colcon_core.verb:set package 'ndt_cpp_ros2' build argument 'cmake_target' from command line to 'None'
[0.163s] Level 5:colcon.colcon_core.verb:set package 'ndt_cpp_ros2' build argument 'cmake_target_skip_unavailable' from command line to 'False'
[0.163s] Level 5:colcon.colcon_core.verb:set package 'ndt_cpp_ros2' build argument 'cmake_clean_cache' from command line to 'False'
[0.163s] Level 5:colcon.colcon_core.verb:set package 'ndt_cpp_ros2' build argument 'cmake_clean_first' from command line to 'False'
[0.163s] Level 5:colcon.colcon_core.verb:set package 'ndt_cpp_ros2' build argument 'cmake_force_configure' from command line to 'False'
[0.163s] Level 5:colcon.colcon_core.verb:set package 'ndt_cpp_ros2' build argument 'ament_cmake_args' from command line to 'None'
[0.163s] Level 5:colcon.colcon_core.verb:set package 'ndt_cpp_ros2' build argument 'catkin_cmake_args' from command line to 'None'
[0.163s] Level 5:colcon.colcon_core.verb:set package 'ndt_cpp_ros2' build argument 'catkin_skip_building_tests' from command line to 'False'
[0.163s] DEBUG:colcon.colcon_core.verb:Building package 'ndt_cpp_ros2' with the following arguments: {'ament_cmake_args': None, 'build_base': '/home/robohan/Gakurobo2025/ndt_cpp_ros2/build/ndt_cpp_ros2', 'catkin_cmake_args': None, 'catkin_skip_building_tests': False, 'cmake_args': None, 'cmake_clean_cache': False, 'cmake_clean_first': False, 'cmake_force_configure': False, 'cmake_target': None, 'cmake_target_skip_unavailable': False, 'install_base': '/home/robohan/Gakurobo2025/ndt_cpp_ros2/install/ndt_cpp_ros2', 'merge_install': False, 'path': '/home/robohan/Gakurobo2025/ndt_cpp_ros2', 'symlink_install': True, 'test_result_base': None}
[0.163s] INFO:colcon.colcon_core.executor:Executing jobs using 'parallel' executor
[0.164s] DEBUG:colcon.colcon_parallel_executor.executor.parallel:run_until_complete
[0.164s] INFO:colcon.colcon_ros.task.ament_cmake.build:Building ROS package in '/home/robohan/Gakurobo2025/ndt_cpp_ros2' with build type 'ament_cmake'
[0.164s] INFO:colcon.colcon_cmake.task.cmake.build:Building CMake package in '/home/robohan/Gakurobo2025/ndt_cpp_ros2'
[0.165s] INFO:colcon.colcon_core.plugin_system:Skipping extension 'colcon_core.shell.bat': Not used on non-Windows systems
[0.165s] INFO:colcon.colcon_core.shell:Skip shell extension 'powershell' for command environment: Not usable outside of PowerShell
[0.165s] DEBUG:colcon.colcon_core.shell:Skip shell extension 'dsv' for command environment
[0.171s] DEBUG:colcon.colcon_core.event_handler.log_command:Invoking command in '/home/robohan/Gakurobo2025/ndt_cpp_ros2/build/ndt_cpp_ros2': CMAKE_PREFIX_PATH=${CMAKE_PREFIX_PATH}:/opt/ros/jazzy DEBUGINFOD_URLS=https://debuginfod.ubuntu.com /home/robohan/.local/bin/cmake --build /home/robohan/Gakurobo2025/ndt_cpp_ros2/build/ndt_cpp_ros2 -- -j12 -l12
[8.454s] DEBUG:colcon.colcon_core.event_handler.log_command:Invoked command in '/home/robohan/Gakurobo2025/ndt_cpp_ros2/build/ndt_cpp_ros2' returned '0': CMAKE_PREFIX_PATH=${CMAKE_PREFIX_PATH}:/opt/ros/jazzy DEBUGINFOD_URLS=https://debuginfod.ubuntu.com /home/robohan/.local/bin/cmake --build /home/robohan/Gakurobo2025/ndt_cpp_ros2/build/ndt_cpp_ros2 -- -j12 -l12
[8.538s] DEBUG:colcon.colcon_core.event_handler.log_command:Invoking command in '/home/robohan/Gakurobo2025/ndt_cpp_ros2/build/ndt_cpp_ros2': CMAKE_PREFIX_PATH=${CMAKE_PREFIX_PATH}:/opt/ros/jazzy DEBUGINFOD_URLS=https://debuginfod.ubuntu.com /home/robohan/.local/bin/cmake --install /home/robohan/Gakurobo2025/ndt_cpp_ros2/build/ndt_cpp_ros2
[8.626s] Level 1:colcon.colcon_core.environment:create_environment_scripts_only(ndt_cpp_ros2)
[8.627s] DEBUG:colcon.colcon_core.event_handler.log_command:Invoked command in '/home/robohan/Gakurobo2025/ndt_cpp_ros2/build/ndt_cpp_ros2' returned '0': CMAKE_PREFIX_PATH=${CMAKE_PREFIX_PATH}:/opt/ros/jazzy DEBUGINFOD_URLS=https://debuginfod.ubuntu.com /home/robohan/.local/bin/cmake --install /home/robohan/Gakurobo2025/ndt_cpp_ros2/build/ndt_cpp_ros2
[8.629s] Level 1:colcon.colcon_core.environment:checking '/home/robohan/Gakurobo2025/ndt_cpp_ros2/install/ndt_cpp_ros2' for CMake module files
[8.629s] Level 1:colcon.colcon_core.environment:checking '/home/robohan/Gakurobo2025/ndt_cpp_ros2/install/ndt_cpp_ros2' for CMake config files
[8.629s] Level 1:colcon.colcon_core.shell:create_environment_hook('ndt_cpp_ros2', 'cmake_prefix_path')
[8.629s] INFO:colcon.colcon_core.shell:Creating environment hook '/home/robohan/Gakurobo2025/ndt_cpp_ros2/install/ndt_cpp_ros2/share/ndt_cpp_ros2/hook/cmake_prefix_path.ps1'
[8.630s] INFO:colcon.colcon_core.shell:Creating environment descriptor '/home/robohan/Gakurobo2025/ndt_cpp_ros2/install/ndt_cpp_ros2/share/ndt_cpp_ros2/hook/cmake_prefix_path.dsv'
[8.630s] INFO:colcon.colcon_core.shell:Creating environment hook '/home/robohan/Gakurobo2025/ndt_cpp_ros2/install/ndt_cpp_ros2/share/ndt_cpp_ros2/hook/cmake_prefix_path.sh'
[8.630s] Level 1:colcon.colcon_core.environment:checking '/home/robohan/Gakurobo2025/ndt_cpp_ros2/install/ndt_cpp_ros2/lib'
[8.631s] Level 1:colcon.colcon_core.environment:checking '/home/robohan/Gakurobo2025/ndt_cpp_ros2/install/ndt_cpp_ros2/bin'
[8.631s] Level 1:colcon.colcon_core.environment:checking '/home/robohan/Gakurobo2025/ndt_cpp_ros2/install/ndt_cpp_ros2/lib/pkgconfig/ndt_cpp_ros2.pc'
[8.631s] Level 1:colcon.colcon_core.environment:checking '/home/robohan/Gakurobo2025/ndt_cpp_ros2/install/ndt_cpp_ros2/lib/python3.12/site-packages'
[8.631s] Level 1:colcon.colcon_core.environment:checking '/home/robohan/Gakurobo2025/ndt_cpp_ros2/install/ndt_cpp_ros2/bin'
[8.631s] INFO:colcon.colcon_core.shell:Creating package script '/home/robohan/Gakurobo2025/ndt_cpp_ros2/install/ndt_cpp_ros2/share/ndt_cpp_ros2/package.ps1'
[8.631s] INFO:colcon.colcon_core.shell:Creating package descriptor '/home/robohan/Gakurobo2025/ndt_cpp_ros2/install/ndt_cpp_ros2/share/ndt_cpp_ros2/package.dsv'
[8.632s] INFO:colcon.colcon_core.shell:Creating package script '/home/robohan/Gakurobo2025/ndt_cpp_ros2/install/ndt_cpp_ros2/share/ndt_cpp_ros2/package.sh'
[8.632s] INFO:colcon.colcon_core.shell:Creating package script '/home/robohan/Gakurobo2025/ndt_cpp_ros2/install/ndt_cpp_ros2/share/ndt_cpp_ros2/package.bash'
[8.632s] INFO:colcon.colcon_core.shell:Creating package script '/home/robohan/Gakurobo2025/ndt_cpp_ros2/install/ndt_cpp_ros2/share/ndt_cpp_ros2/package.zsh'
[8.632s] Level 1:colcon.colcon_core.environment:create_file_with_runtime_dependencies(/home/robohan/Gakurobo2025/ndt_cpp_ros2/install/ndt_cpp_ros2/share/colcon-core/packages/ndt_cpp_ros2)
[8.633s] Level 1:colcon.colcon_core.environment:create_environment_scripts_only(ndt_cpp_ros2)
[8.633s] Level 1:colcon.colcon_core.environment:checking '/home/robohan/Gakurobo2025/ndt_cpp_ros2/install/ndt_cpp_ros2' for CMake module files
[8.633s] Level 1:colcon.colcon_core.environment:checking '/home/robohan/Gakurobo2025/ndt_cpp_ros2/install/ndt_cpp_ros2' for CMake config files
[8.633s] Level 1:colcon.colcon_core.shell:create_environment_hook('ndt_cpp_ros2', 'cmake_prefix_path')
[8.633s] INFO:colcon.colcon_core.shell:Creating environment hook '/home/robohan/Gakurobo2025/ndt_cpp_ros2/install/ndt_cpp_ros2/share/ndt_cpp_ros2/hook/cmake_prefix_path.ps1'
[8.633s] INFO:colcon.colcon_core.shell:Creating environment descriptor '/home/robohan/Gakurobo2025/ndt_cpp_ros2/install/ndt_cpp_ros2/share/ndt_cpp_ros2/hook/cmake_prefix_path.dsv'
[8.634s] INFO:colcon.colcon_core.shell:Creating environment hook '/home/robohan/Gakurobo2025/ndt_cpp_ros2/install/ndt_cpp_ros2/share/ndt_cpp_ros2/hook/cmake_prefix_path.sh'
[8.634s] Level 1:colcon.colcon_core.environment:checking '/home/robohan/Gakurobo2025/ndt_cpp_ros2/install/ndt_cpp_ros2/lib'
[8.634s] Level 1:colcon.colcon_core.environment:checking '/home/robohan/Gakurobo2025/ndt_cpp_ros2/install/ndt_cpp_ros2/bin'
[8.634s] Level 1:colcon.colcon_core.environment:checking '/home/robohan/Gakurobo2025/ndt_cpp_ros2/install/ndt_cpp_ros2/lib/pkgconfig/ndt_cpp_ros2.pc'
[8.634s] Level 1:colcon.colcon_core.environment:checking '/home/robohan/Gakurobo2025/ndt_cpp_ros2/install/ndt_cpp_ros2/lib/python3.12/site-packages'
[8.634s] Level 1:colcon.colcon_core.environment:checking '/home/robohan/Gakurobo2025/ndt_cpp_ros2/install/ndt_cpp_ros2/bin'
[8.634s] INFO:colcon.colcon_core.shell:Creating package script '/home/robohan/Gakurobo2025/ndt_cpp_ros2/install/ndt_cpp_ros2/share/ndt_cpp_ros2/package.ps1'
[8.634s] INFO:colcon.colcon_core.shell:Creating package descriptor '/home/robohan/Gakurobo2025/ndt_cpp_ros2/install/ndt_cpp_ros2/share/ndt_cpp_ros2/package.dsv'
[8.635s] INFO:colcon.colcon_core.shell:Creating package script '/home/robohan/Gakurobo2025/ndt_cpp_ros2/install/ndt_cpp_ros2/share/ndt_cpp_ros2/package.sh'
[8.635s] INFO:colcon.colcon_core.shell:Creating package script '/home/robohan/Gakurobo2025/ndt_cpp_ros2/install/ndt_cpp_ros2/share/ndt_cpp_ros2/package.bash'
[8.635s] INFO:colcon.colcon_core.shell:Creating package script '/home/robohan/Gakurobo2025/ndt_cpp_ros2/install/ndt_cpp_ros2/share/ndt_cpp_ros2/package.zsh'
[8.635s] Level 1:colcon.colcon_core.environment:create_file_with_runtime_dependencies(/home/robohan/Gakurobo2025/ndt_cpp_ros2/install/ndt_cpp_ros2/share/colcon-core/packages/ndt_cpp_ros2)
[8.635s] DEBUG:colcon.colcon_parallel_executor.executor.parallel:closing loop
[8.635s] DEBUG:colcon.colcon_parallel_executor.executor.parallel:loop closed
[8.635s] DEBUG:colcon.colcon_parallel_executor.executor.parallel:run_until_complete finished with '0'
[8.635s] DEBUG:colcon.colcon_core.event_reactor:joining thread
[8.639s] INFO:colcon.colcon_core.plugin_system:Skipping extension 'colcon_notification.desktop_notification.terminal_notifier': Not used on non-Darwin systems
[8.639s] INFO:colcon.colcon_core.plugin_system:Skipping extension 'colcon_notification.desktop_notification.win32': Not used on non-Windows systems
[8.639s] INFO:colcon.colcon_notification.desktop_notification:Sending desktop notification using 'notify2'
[8.648s] DEBUG:colcon.colcon_core.event_reactor:joined thread
[8.648s] INFO:colcon.colcon_core.shell:Creating prefix script '/home/robohan/Gakurobo2025/ndt_cpp_ros2/install/local_setup.ps1'
[8.649s] INFO:colcon.colcon_core.shell:Creating prefix util module '/home/robohan/Gakurobo2025/ndt_cpp_ros2/install/_local_setup_util_ps1.py'
[8.649s] INFO:colcon.colcon_core.shell:Creating prefix chain script '/home/robohan/Gakurobo2025/ndt_cpp_ros2/install/setup.ps1'
[8.650s] INFO:colcon.colcon_core.shell:Creating prefix script '/home/robohan/Gakurobo2025/ndt_cpp_ros2/install/local_setup.sh'
[8.650s] INFO:colcon.colcon_core.shell:Creating prefix util module '/home/robohan/Gakurobo2025/ndt_cpp_ros2/install/_local_setup_util_sh.py'
[8.650s] INFO:colcon.colcon_core.shell:Creating prefix chain script '/home/robohan/Gakurobo2025/ndt_cpp_ros2/install/setup.sh'
[8.651s] INFO:colcon.colcon_core.shell:Creating prefix script '/home/robohan/Gakurobo2025/ndt_cpp_ros2/install/local_setup.bash'
[8.651s] INFO:colcon.colcon_core.shell:Creating prefix chain script '/home/robohan/Gakurobo2025/ndt_cpp_ros2/install/setup.bash'
[8.651s] INFO:colcon.colcon_core.shell:Creating prefix script '/home/robohan/Gakurobo2025/ndt_cpp_ros2/install/local_setup.zsh'
[8.652s] INFO:colcon.colcon_core.shell:Creating prefix chain script '/home/robohan/Gakurobo2025/ndt_cpp_ros2/install/setup.zsh'
