-- Found ament_cmake: 2.5.3 (/opt/ros/jazzy/share/ament_cmake/cmake)
-- Override CMake install command with custom implementation using symlinks instead of copying resources
-- Found rclcpp: 28.1.6 (/opt/ros/jazzy/share/rclcpp/cmake)
-- Found rosidl_generator_c: 4.6.5 (/opt/ros/jazzy/share/rosidl_generator_c/cmake)
-- Found rosidl_generator_cpp: 4.6.5 (/opt/ros/jazzy/share/rosidl_generator_cpp/cmake)
-- Using all available rosidl_typesupport_c: rosidl_typesupport_fastrtps_c;rosidl_typesupport_introspection_c
-- Using all available rosidl_typesupport_cpp: rosidl_typesupport_fastrtps_cpp;rosidl_typesupport_introspection_cpp
-- Found rmw_implementation_cmake: 7.3.1 (/opt/ros/jazzy/share/rmw_implementation_cmake/cmake)
-- Found rmw_fastrtps_cpp: 8.4.1 (/opt/ros/jazzy/share/rmw_fastrtps_cpp/cmake)
-- Using RMW implementation 'rmw_fastrtps_cpp' as default
-- Found sensor_msgs: 5.3.5 (/opt/ros/jazzy/share/sensor_msgs/cmake)
-- Found nav_msgs: 5.3.5 (/opt/ros/jazzy/share/nav_msgs/cmake)
-- Found tf2: 0.36.8 (/opt/ros/jazzy/share/tf2/cmake)
-- Found tf2_ros: 0.36.8 (/opt/ros/jazzy/share/tf2_ros/cmake)
-- Found tf2_geometry_msgs: 0.36.8 (/opt/ros/jazzy/share/tf2_geometry_msgs/cmake)
-- Found eigen3_cmake_module: 0.3.0 (/opt/ros/jazzy/share/eigen3_cmake_module/cmake)
-- Ensuring Eigen3 include directory is part of orocos-kdl CMake target
-- Found ament_lint_auto: 0.17.1 (/opt/ros/jazzy/share/ament_lint_auto/cmake)
-- Configuring done (0.6s)
-- Generating done (0.0s)
-- Build files have been written to: /home/robohan/Gakurobo2025/ndt_cpp_ros2/build/ndt_cpp_ros2
[ 50%] [32mBuilding CXX object CMakeFiles/ndt_cpp_ros2.dir/src/ndt_cpp_ros2.cpp.o[0m
[01m[K/home/robohan/Gakurobo2025/ndt_cpp_ros2/src/ndt_cpp_ros2.cpp:[m[K In function ‘[01m[Kvoid[01;32m[K ndt_scan_matching[m[K(mat3x3&, const std::vector<point2>&, std::vector<ndtpoint2>&)[m[K’:
[01m[K/home/robohan/Gakurobo2025/ndt_cpp_ros2/src/ndt_cpp_ros2.cpp:362:45:[m[K [01;35m[Kwarning: [m[Kcomparison of integer expressions of different signedness: ‘[01m[Kint[m[K’ and ‘[01m[Kconst size_t[m[K’ {aka ‘[01m[Kconst long unsigned int[m[K’} [[01;35m[K]8;;https://gcc.gnu.org/onlinedocs/gcc/Warning-Options.html#index-Wsign-compare-Wsign-compare]8;;[m[K]
  362 |   for(auto point_iter = 0; [01;35m[Kpoint_iter < source_points_size[m[K; point_iter += 10){
      |                            [01;35m[K~~~~~~~~~~~^~~~~~~~~~~~~~~~~~~~[m[K

[01m[K/home/robohan/Gakurobo2025/ndt_cpp_ros2/src/ndt_cpp_ros2.cpp:347:18:[m[K [01;35m[Kwarning: [m[Kunused variable ‘[01m[Ktarget_points_size[m[K’ [[01;35m[K]8;;https://gcc.gnu.org/onlinedocs/gcc/Warning-Options.html#index-Wunused-variable-Wunused-variable]8;;[m[K]
  347 |     const size_t [01;35m[Ktarget_points_size[m[K = target_points.size();
      |                  [01;35m[K^~~~~~~~~~~~~~~~~~[m[K
[100%] [32m[1mLinking CXX executable ndt_cpp_ros2[0m
[100%] Built target ndt_cpp_ros2
-- Install configuration: ""
-- Execute custom install script
-- Up-to-date symlink: /home/robohan/Gakurobo2025/ndt_cpp_ros2/install/ndt_cpp_ros2/lib/ndt_cpp_ros2/ndt_cpp_ros2
-- Up-to-date symlink: /home/robohan/Gakurobo2025/ndt_cpp_ros2/install/ndt_cpp_ros2/share/ament_index/resource_index/package_run_dependencies/ndt_cpp_ros2
-- Up-to-date symlink: /home/robohan/Gakurobo2025/ndt_cpp_ros2/install/ndt_cpp_ros2/share/ament_index/resource_index/parent_prefix_path/ndt_cpp_ros2
-- Up-to-date symlink: /home/robohan/Gakurobo2025/ndt_cpp_ros2/install/ndt_cpp_ros2/share/ndt_cpp_ros2/environment/ament_prefix_path.sh
-- Up-to-date symlink: /home/robohan/Gakurobo2025/ndt_cpp_ros2/install/ndt_cpp_ros2/share/ndt_cpp_ros2/environment/ament_prefix_path.dsv
-- Up-to-date symlink: /home/robohan/Gakurobo2025/ndt_cpp_ros2/install/ndt_cpp_ros2/share/ndt_cpp_ros2/environment/path.sh
-- Up-to-date symlink: /home/robohan/Gakurobo2025/ndt_cpp_ros2/install/ndt_cpp_ros2/share/ndt_cpp_ros2/environment/path.dsv
-- Up-to-date symlink: /home/robohan/Gakurobo2025/ndt_cpp_ros2/install/ndt_cpp_ros2/share/ndt_cpp_ros2/local_setup.bash
-- Up-to-date symlink: /home/robohan/Gakurobo2025/ndt_cpp_ros2/install/ndt_cpp_ros2/share/ndt_cpp_ros2/local_setup.sh
-- Up-to-date symlink: /home/robohan/Gakurobo2025/ndt_cpp_ros2/install/ndt_cpp_ros2/share/ndt_cpp_ros2/local_setup.zsh
-- Up-to-date symlink: /home/robohan/Gakurobo2025/ndt_cpp_ros2/install/ndt_cpp_ros2/share/ndt_cpp_ros2/local_setup.dsv
-- Symlinking: /home/robohan/Gakurobo2025/ndt_cpp_ros2/install/ndt_cpp_ros2/share/ndt_cpp_ros2/package.dsv
-- Up-to-date symlink: /home/robohan/Gakurobo2025/ndt_cpp_ros2/install/ndt_cpp_ros2/share/ament_index/resource_index/packages/ndt_cpp_ros2
-- Up-to-date symlink: /home/robohan/Gakurobo2025/ndt_cpp_ros2/install/ndt_cpp_ros2/share/ndt_cpp_ros2/cmake/ndt_cpp_ros2Config.cmake
-- Up-to-date symlink: /home/robohan/Gakurobo2025/ndt_cpp_ros2/install/ndt_cpp_ros2/share/ndt_cpp_ros2/cmake/ndt_cpp_ros2Config-version.cmake
-- Up-to-date symlink: /home/robohan/Gakurobo2025/ndt_cpp_ros2/install/ndt_cpp_ros2/share/ndt_cpp_ros2/package.xml
