[0.007s] Invoking command in '/home/robohan/Gakurobo2025/ndt_cpp_ros2/build/ndt_cpp_ros2': CMAKE_PREFIX_PATH=${CMAKE_PREFIX_PATH}:/opt/ros/jazzy DEBUGINFOD_URLS=https://debuginfod.ubuntu.com /home/robohan/.local/bin/cmake --build /home/robohan/Gakurobo2025/ndt_cpp_ros2/build/ndt_cpp_ros2 -- -j12 -l12
[0.095s] -- Found ament_cmake: 2.5.3 (/opt/ros/jazzy/share/ament_cmake/cmake)
[0.250s] -- Override CMake install command with custom implementation using symlinks instead of copying resources
[0.260s] -- Found rclcpp: 28.1.6 (/opt/ros/jazzy/share/rclcpp/cmake)
[0.286s] -- Found rosidl_generator_c: 4.6.5 (/opt/ros/jazzy/share/rosidl_generator_c/cmake)
[0.293s] -- Found rosidl_generator_cpp: 4.6.5 (/opt/ros/jazzy/share/rosidl_generator_cpp/cmake)
[0.303s] -- Using all available rosidl_typesupport_c: rosidl_typesupport_fastrtps_c;rosidl_typesupport_introspection_c
[0.314s] -- Using all available rosidl_typesupport_cpp: rosidl_typesupport_fastrtps_cpp;rosidl_typesupport_introspection_cpp
[0.366s] -- Found rmw_implementation_cmake: 7.3.1 (/opt/ros/jazzy/share/rmw_implementation_cmake/cmake)
[0.367s] -- Found rmw_fastrtps_cpp: 8.4.1 (/opt/ros/jazzy/share/rmw_fastrtps_cpp/cmake)
[0.422s] -- Using RMW implementation 'rmw_fastrtps_cpp' as default
[0.475s] -- Found sensor_msgs: 5.3.5 (/opt/ros/jazzy/share/sensor_msgs/cmake)
[0.524s] -- Found nav_msgs: 5.3.5 (/opt/ros/jazzy/share/nav_msgs/cmake)
[0.546s] -- Found tf2: 0.36.8 (/opt/ros/jazzy/share/tf2/cmake)
[0.550s] -- Found tf2_ros: 0.36.8 (/opt/ros/jazzy/share/tf2_ros/cmake)
[0.646s] -- Found tf2_geometry_msgs: 0.36.8 (/opt/ros/jazzy/share/tf2_geometry_msgs/cmake)
[0.649s] -- Found eigen3_cmake_module: 0.3.0 (/opt/ros/jazzy/share/eigen3_cmake_module/cmake)
[0.651s] -- Ensuring Eigen3 include directory is part of orocos-kdl CMake target
[0.653s] -- Found ament_lint_auto: 0.17.1 (/opt/ros/jazzy/share/ament_lint_auto/cmake)
[0.719s] -- Configuring done (0.6s)
[0.734s] -- Generating done (0.0s)
[0.736s] -- Build files have been written to: /home/robohan/Gakurobo2025/ndt_cpp_ros2/build/ndt_cpp_ros2
[0.761s] [ 50%] [32mBuilding CXX object CMakeFiles/ndt_cpp_ros2.dir/src/ndt_cpp_ros2.cpp.o[0m
[2.194s] [01m[K/home/robohan/Gakurobo2025/ndt_cpp_ros2/src/ndt_cpp_ros2.cpp:[m[K In function ‘[01m[Kvoid[01;32m[K ndt_scan_matching[m[K(mat3x3&, const std::vector<point2>&, std::vector<ndtpoint2>&)[m[K’:
[2.194s] [01m[K/home/robohan/Gakurobo2025/ndt_cpp_ros2/src/ndt_cpp_ros2.cpp:362:45:[m[K [01;35m[Kwarning: [m[Kcomparison of integer expressions of different signedness: ‘[01m[Kint[m[K’ and ‘[01m[Kconst size_t[m[K’ {aka ‘[01m[Kconst long unsigned int[m[K’} [[01;35m[K]8;;https://gcc.gnu.org/onlinedocs/gcc/Warning-Options.html#index-Wsign-compare-Wsign-compare]8;;[m[K]
[2.194s]   362 |   for(auto point_iter = 0; [01;35m[Kpoint_iter < source_points_size[m[K; point_iter += 10){
[2.194s]       |                            [01;35m[K~~~~~~~~~~~^~~~~~~~~~~~~~~~~~~~[m[K
[2.194s] 
[2.194s] [01m[K/home/robohan/Gakurobo2025/ndt_cpp_ros2/src/ndt_cpp_ros2.cpp:347:18:[m[K [01;35m[Kwarning: [m[Kunused variable ‘[01m[Ktarget_points_size[m[K’ [[01;35m[K]8;;https://gcc.gnu.org/onlinedocs/gcc/Warning-Options.html#index-Wunused-variable-Wunused-variable]8;;[m[K]
[2.194s]   347 |     const size_t [01;35m[Ktarget_points_size[m[K = target_points.size();
[2.194s]       |                  [01;35m[K^~~~~~~~~~~~~~~~~~[m[K
[8.471s] [100%] [32m[1mLinking CXX executable ndt_cpp_ros2[0m
[8.880s] [100%] Built target ndt_cpp_ros2
[8.896s] Invoked command in '/home/robohan/Gakurobo2025/ndt_cpp_ros2/build/ndt_cpp_ros2' returned '0': CMAKE_PREFIX_PATH=${CMAKE_PREFIX_PATH}:/opt/ros/jazzy DEBUGINFOD_URLS=https://debuginfod.ubuntu.com /home/robohan/.local/bin/cmake --build /home/robohan/Gakurobo2025/ndt_cpp_ros2/build/ndt_cpp_ros2 -- -j12 -l12
[8.992s] Invoking command in '/home/robohan/Gakurobo2025/ndt_cpp_ros2/build/ndt_cpp_ros2': CMAKE_PREFIX_PATH=${CMAKE_PREFIX_PATH}:/opt/ros/jazzy DEBUGINFOD_URLS=https://debuginfod.ubuntu.com /home/robohan/.local/bin/cmake --install /home/robohan/Gakurobo2025/ndt_cpp_ros2/build/ndt_cpp_ros2
[9.076s] -- Install configuration: ""
[9.076s] -- Execute custom install script
[9.078s] -- Up-to-date symlink: /home/robohan/Gakurobo2025/ndt_cpp_ros2/install/ndt_cpp_ros2/lib/ndt_cpp_ros2/ndt_cpp_ros2
[9.078s] -- Up-to-date symlink: /home/robohan/Gakurobo2025/ndt_cpp_ros2/install/ndt_cpp_ros2/share/ament_index/resource_index/package_run_dependencies/ndt_cpp_ros2
[9.079s] -- Up-to-date symlink: /home/robohan/Gakurobo2025/ndt_cpp_ros2/install/ndt_cpp_ros2/share/ament_index/resource_index/parent_prefix_path/ndt_cpp_ros2
[9.079s] -- Up-to-date symlink: /home/robohan/Gakurobo2025/ndt_cpp_ros2/install/ndt_cpp_ros2/share/ndt_cpp_ros2/environment/ament_prefix_path.sh
[9.080s] -- Up-to-date symlink: /home/robohan/Gakurobo2025/ndt_cpp_ros2/install/ndt_cpp_ros2/share/ndt_cpp_ros2/environment/ament_prefix_path.dsv
[9.081s] -- Up-to-date symlink: /home/robohan/Gakurobo2025/ndt_cpp_ros2/install/ndt_cpp_ros2/share/ndt_cpp_ros2/environment/path.sh
[9.081s] -- Up-to-date symlink: /home/robohan/Gakurobo2025/ndt_cpp_ros2/install/ndt_cpp_ros2/share/ndt_cpp_ros2/environment/path.dsv
[9.081s] -- Up-to-date symlink: /home/robohan/Gakurobo2025/ndt_cpp_ros2/install/ndt_cpp_ros2/share/ndt_cpp_ros2/local_setup.bash
[9.081s] -- Up-to-date symlink: /home/robohan/Gakurobo2025/ndt_cpp_ros2/install/ndt_cpp_ros2/share/ndt_cpp_ros2/local_setup.sh
[9.082s] -- Up-to-date symlink: /home/robohan/Gakurobo2025/ndt_cpp_ros2/install/ndt_cpp_ros2/share/ndt_cpp_ros2/local_setup.zsh
[9.082s] -- Up-to-date symlink: /home/robohan/Gakurobo2025/ndt_cpp_ros2/install/ndt_cpp_ros2/share/ndt_cpp_ros2/local_setup.dsv
[9.082s] -- Symlinking: /home/robohan/Gakurobo2025/ndt_cpp_ros2/install/ndt_cpp_ros2/share/ndt_cpp_ros2/package.dsv
[9.085s] -- Up-to-date symlink: /home/robohan/Gakurobo2025/ndt_cpp_ros2/install/ndt_cpp_ros2/share/ament_index/resource_index/packages/ndt_cpp_ros2
[9.086s] -- Up-to-date symlink: /home/robohan/Gakurobo2025/ndt_cpp_ros2/install/ndt_cpp_ros2/share/ndt_cpp_ros2/cmake/ndt_cpp_ros2Config.cmake
[9.086s] -- Up-to-date symlink: /home/robohan/Gakurobo2025/ndt_cpp_ros2/install/ndt_cpp_ros2/share/ndt_cpp_ros2/cmake/ndt_cpp_ros2Config-version.cmake
[9.086s] -- Up-to-date symlink: /home/robohan/Gakurobo2025/ndt_cpp_ros2/install/ndt_cpp_ros2/share/ndt_cpp_ros2/package.xml
[9.098s] Invoked command in '/home/robohan/Gakurobo2025/ndt_cpp_ros2/build/ndt_cpp_ros2' returned '0': CMAKE_PREFIX_PATH=${CMAKE_PREFIX_PATH}:/opt/ros/jazzy DEBUGINFOD_URLS=https://debuginfod.ubuntu.com /home/robohan/.local/bin/cmake --install /home/robohan/Gakurobo2025/ndt_cpp_ros2/build/ndt_cpp_ros2
