[ 50%] [32mBuilding CXX object CMakeFiles/ndt_cpp_ros2.dir/src/ndt_cpp_ros2.cpp.o[0m
[100%] [32m[1mLinking CXX executable ndt_cpp_ros2[0m
[100%] Built target ndt_cpp_ros2
-- Install configuration: ""
-- Execute custom install script
-- Up-to-date symlink: /home/robohan/Gakurobo2025/ndt_cpp_ros2/install/ndt_cpp_ros2/lib/ndt_cpp_ros2/ndt_cpp_ros2
-- Up-to-date symlink: /home/robohan/Gakurobo2025/ndt_cpp_ros2/install/ndt_cpp_ros2/share/ament_index/resource_index/package_run_dependencies/ndt_cpp_ros2
-- Up-to-date symlink: /home/robohan/Gakurobo2025/ndt_cpp_ros2/install/ndt_cpp_ros2/share/ament_index/resource_index/parent_prefix_path/ndt_cpp_ros2
-- Up-to-date symlink: /home/robohan/Gakurobo2025/ndt_cpp_ros2/install/ndt_cpp_ros2/share/ndt_cpp_ros2/environment/ament_prefix_path.sh
-- Up-to-date symlink: /home/robohan/Gakurobo2025/ndt_cpp_ros2/install/ndt_cpp_ros2/share/ndt_cpp_ros2/environment/ament_prefix_path.dsv
-- Up-to-date symlink: /home/robohan/Gakurobo2025/ndt_cpp_ros2/install/ndt_cpp_ros2/share/ndt_cpp_ros2/environment/path.sh
-- Up-to-date symlink: /home/robohan/Gakurobo2025/ndt_cpp_ros2/install/ndt_cpp_ros2/share/ndt_cpp_ros2/environment/path.dsv
-- Up-to-date symlink: /home/robohan/Gakurobo2025/ndt_cpp_ros2/install/ndt_cpp_ros2/share/ndt_cpp_ros2/local_setup.bash
-- Up-to-date symlink: /home/robohan/Gakurobo2025/ndt_cpp_ros2/install/ndt_cpp_ros2/share/ndt_cpp_ros2/local_setup.sh
-- Up-to-date symlink: /home/robohan/Gakurobo2025/ndt_cpp_ros2/install/ndt_cpp_ros2/share/ndt_cpp_ros2/local_setup.zsh
-- Up-to-date symlink: /home/robohan/Gakurobo2025/ndt_cpp_ros2/install/ndt_cpp_ros2/share/ndt_cpp_ros2/local_setup.dsv
-- Symlinking: /home/robohan/Gakurobo2025/ndt_cpp_ros2/install/ndt_cpp_ros2/share/ndt_cpp_ros2/package.dsv
-- Up-to-date symlink: /home/robohan/Gakurobo2025/ndt_cpp_ros2/install/ndt_cpp_ros2/share/ament_index/resource_index/packages/ndt_cpp_ros2
-- Up-to-date symlink: /home/robohan/Gakurobo2025/ndt_cpp_ros2/install/ndt_cpp_ros2/share/ndt_cpp_ros2/cmake/ndt_cpp_ros2Config.cmake
-- Up-to-date symlink: /home/robohan/Gakurobo2025/ndt_cpp_ros2/install/ndt_cpp_ros2/share/ndt_cpp_ros2/cmake/ndt_cpp_ros2Config-version.cmake
-- Up-to-date symlink: /home/robohan/Gakurobo2025/ndt_cpp_ros2/install/ndt_cpp_ros2/share/ndt_cpp_ros2/package.xml
