[0.006s] Invoking command in '/home/robohan/Gakurobo2025/ndt_cpp_ros2/build/ndt_cpp_ros2': CMAKE_PREFIX_PATH=${CMAKE_PREFIX_PATH}:/opt/ros/jazzy DEBUGINFOD_URLS=https://debuginfod.ubuntu.com /home/robohan/.local/bin/cmake --build /home/robohan/Gakurobo2025/ndt_cpp_ros2/build/ndt_cpp_ros2 -- -j12 -l12
[0.109s] [100%] Built target ndt_cpp_ros2
[0.122s] Invoked command in '/home/robohan/Gakurobo2025/ndt_cpp_ros2/build/ndt_cpp_ros2' returned '0': CMAKE_PREFIX_PATH=${CMAKE_PREFIX_PATH}:/opt/ros/jazzy DEBUGINFOD_URLS=https://debuginfod.ubuntu.com /home/robohan/.local/bin/cmake --build /home/robohan/Gakurobo2025/ndt_cpp_ros2/build/ndt_cpp_ros2 -- -j12 -l12
[0.205s] Invoking command in '/home/robohan/Gakurobo2025/ndt_cpp_ros2/build/ndt_cpp_ros2': CMAKE_PREFIX_PATH=${CMAKE_PREFIX_PATH}:/opt/ros/jazzy DEBUGINFOD_URLS=https://debuginfod.ubuntu.com /home/robohan/.local/bin/cmake --install /home/robohan/Gakurobo2025/ndt_cpp_ros2/build/ndt_cpp_ros2
[0.276s] -- Install configuration: ""
[0.276s] -- Execute custom install script
[0.276s] -- Up-to-date symlink: /home/robohan/Gakurobo2025/ndt_cpp_ros2/install/ndt_cpp_ros2/lib/ndt_cpp_ros2/ndt_cpp_ros2
[0.276s] -- Up-to-date symlink: /home/robohan/Gakurobo2025/ndt_cpp_ros2/install/ndt_cpp_ros2/share/ament_index/resource_index/package_run_dependencies/ndt_cpp_ros2
[0.276s] -- Up-to-date symlink: /home/robohan/Gakurobo2025/ndt_cpp_ros2/install/ndt_cpp_ros2/share/ament_index/resource_index/parent_prefix_path/ndt_cpp_ros2
[0.276s] -- Up-to-date symlink: /home/robohan/Gakurobo2025/ndt_cpp_ros2/install/ndt_cpp_ros2/share/ndt_cpp_ros2/environment/ament_prefix_path.sh
[0.276s] -- Up-to-date symlink: /home/robohan/Gakurobo2025/ndt_cpp_ros2/install/ndt_cpp_ros2/share/ndt_cpp_ros2/environment/ament_prefix_path.dsv
[0.276s] -- Up-to-date symlink: /home/robohan/Gakurobo2025/ndt_cpp_ros2/install/ndt_cpp_ros2/share/ndt_cpp_ros2/environment/path.sh
[0.276s] -- Up-to-date symlink: /home/robohan/Gakurobo2025/ndt_cpp_ros2/install/ndt_cpp_ros2/share/ndt_cpp_ros2/environment/path.dsv
[0.276s] -- Up-to-date symlink: /home/robohan/Gakurobo2025/ndt_cpp_ros2/install/ndt_cpp_ros2/share/ndt_cpp_ros2/local_setup.bash
[0.277s] -- Up-to-date symlink: /home/robohan/Gakurobo2025/ndt_cpp_ros2/install/ndt_cpp_ros2/share/ndt_cpp_ros2/local_setup.sh
[0.277s] -- Up-to-date symlink: /home/robohan/Gakurobo2025/ndt_cpp_ros2/install/ndt_cpp_ros2/share/ndt_cpp_ros2/local_setup.zsh
[0.277s] -- Up-to-date symlink: /home/robohan/Gakurobo2025/ndt_cpp_ros2/install/ndt_cpp_ros2/share/ndt_cpp_ros2/local_setup.dsv
[0.277s] -- Symlinking: /home/robohan/Gakurobo2025/ndt_cpp_ros2/install/ndt_cpp_ros2/share/ndt_cpp_ros2/package.dsv
[0.279s] -- Up-to-date symlink: /home/robohan/Gakurobo2025/ndt_cpp_ros2/install/ndt_cpp_ros2/share/ament_index/resource_index/packages/ndt_cpp_ros2
[0.279s] -- Up-to-date symlink: /home/robohan/Gakurobo2025/ndt_cpp_ros2/install/ndt_cpp_ros2/share/ndt_cpp_ros2/cmake/ndt_cpp_ros2Config.cmake
[0.279s] -- Up-to-date symlink: /home/robohan/Gakurobo2025/ndt_cpp_ros2/install/ndt_cpp_ros2/share/ndt_cpp_ros2/cmake/ndt_cpp_ros2Config-version.cmake
[0.279s] -- Up-to-date symlink: /home/robohan/Gakurobo2025/ndt_cpp_ros2/install/ndt_cpp_ros2/share/ndt_cpp_ros2/package.xml
[0.290s] Invoked command in '/home/robohan/Gakurobo2025/ndt_cpp_ros2/build/ndt_cpp_ros2' returned '0': CMAKE_PREFIX_PATH=${CMAKE_PREFIX_PATH}:/opt/ros/jazzy DEBUGINFOD_URLS=https://debuginfod.ubuntu.com /home/robohan/.local/bin/cmake --install /home/robohan/Gakurobo2025/ndt_cpp_ros2/build/ndt_cpp_ros2
